21-09-23 19:56:15:5615 [32minfo[39m: [32mServer Started! Address: http://localhost:8000[39m
21-09-23 19:56:41:5641 [32minfo[39m: Server Started! Address: http://localhost:8000
21-09-23 19:57:02:572 [32minfo[39m: Server Started! Address: http://localhost:8000
21-09-23 19:57:31:5731 [32minfo[39m: Server Started! Address: http://localhost:8000
21-09-23 19:57:58:5758 [32mhttp[39m: [23/Sep/2021:10:57:58 +0000] GET /hello-world 304 - - 4.744 ms {}

21-09-23 19:58:47:5847 [32minfo[39m : Server Started! Address: http://localhost:8000
21-09-23 19:59:15:5915 info : Server Started! Address: http://localhost:8000
21-09-23 20:21:02:212 info : Server ready at http://localhost:8000
21-09-23 20:23:16:2316 info : Server ready at http://localhost:8000
21-09-23 20:23:34:2334 info : Server ready at http://localhost:8000
21-09-23 20:26:08:268 info : Server ready at http://localhost:8000
21-09-23 20:26:28:2628 info : Server ready at http://localhost:8000
21-09-23 20:27:12:2712 info : Server ready at http://localhost:8000
21-09-23 20:27:15:2715 info : Server ready at http://localhost:8000
21-09-23 20:27:22:2722 info : Server ready at http://localhost:8000
21-09-23 20:27:23:2723 info : Server ready at http://localhost:8000
21-09-23 20:27:32:2732 info : Server ready at http://localhost:8000
21-09-23 20:58:02:582 info : Server ready at http://localhost:8000
21-09-23 20:59:14:5914 info : Server ready at http://localhost:8000
21-09-23 21:01:48:148 info : Server ready at http://localhost:8000
21-09-23 21:02:02:22 info : Server ready at http://localhost:8000
21-09-23 21:08:52:852 info : Server ready at http://localhost:8000
21-09-28 15:07:42:742 info : Server ready at http://localhost:8000
21-09-28 15:08:42:842 info : Server ready at http://localhost:8000
21-09-28 15:10:50:1050 http : POST /user 404 144 - 1.350 ms {"secretapikey":"sk1_cc8df29b1230be1815ea403c6811ef7737d15da2dce5e648c2e481bfb76e5141","apikey":"pk1_9f85c1f32a1cd6dc81ab44c6c3e6871c504f1ec3a76e6e22007a963bcc87f050"}

21-09-28 15:11:03:113 http : GET /user 404 143 - 0.852 ms {}

21-09-28 15:11:12:1112 http : GET /users 404 144 - 0.365 ms {}

21-09-28 15:11:35:1135 info : Server ready at http://localhost:8000
21-09-28 15:11:38:1138 info : Server ready at http://localhost:8000
21-09-28 15:11:57:1157 info : Server ready at http://localhost:8000
21-09-28 15:13:17:1317 info : Server ready at http://localhost:8000
21-09-28 15:13:21:1321 info : Server ready at http://localhost:8000
21-09-28 15:13:23:1323 info : Server ready at http://localhost:8000
21-09-28 15:14:18:1418 info : Server ready at http://localhost:8000
21-09-28 15:15:29:1529 info : Server ready at http://localhost:8000
21-09-28 15:15:30:1530 info : Server ready at http://localhost:8000
21-09-28 15:15:34:1534 http : GET /users 404 144 - 2.350 ms {}

21-09-28 15:15:40:1540 http : GET /users 404 144 - 0.596 ms {}

21-09-28 15:16:16:1616 info : Server ready at http://localhost:8000
21-09-28 15:16:26:1626 info : Server ready at http://localhost:8000
21-09-28 15:16:28:1628 info : Server ready at http://localhost:8000
21-09-28 15:16:39:1639 http : GET /users 404 144 - 2.235 ms {}

21-09-28 15:16:50:1650 http : GET /users 404 144 - 0.780 ms {}

21-09-28 15:16:51:1651 http : GET /users 404 144 - 0.460 ms {}

21-09-28 15:16:51:1651 http : GET /users 404 144 - 0.479 ms {}

21-09-28 15:17:13:1713 info : Server ready at http://localhost:8000
21-09-28 15:17:17:1717 http : GET /users 404 144 - 2.002 ms {}

21-09-28 15:17:19:1719 http : GET /users 404 144 - 0.968 ms {}

21-09-28 15:18:53:1853 info : Server ready at http://localhost:8000
21-09-28 15:29:43:2943 info : Server ready at http://localhost:8000
21-09-28 15:29:46:2946 http : GET / 404 139 - 3.793 ms {}

21-09-28 15:30:15:3015 info : Server ready at http://localhost:8000
21-09-28 15:30:16:3016 info : Server ready at http://localhost:8000
21-09-28 15:30:17:3017 info : Server ready at http://localhost:8000
21-09-28 15:30:27:3027 info : Server ready at http://localhost:8000
21-09-28 15:30:29:3029 info : Server ready at http://localhost:8000
21-09-28 15:30:31:3031 info : Server ready at http://localhost:8000
21-09-28 15:30:33:3033 info : Server ready at http://localhost:8000
21-09-28 15:30:37:3037 info : Server ready at http://localhost:8000
21-09-28 15:30:44:3044 info : Server ready at http://localhost:8000
21-09-28 15:30:52:3052 info : Server ready at http://localhost:8000
21-09-28 15:30:54:3054 info : Server ready at http://localhost:8000
21-09-28 15:30:57:3057 info : Server ready at http://localhost:8000
21-09-28 15:30:59:3059 info : Server ready at http://localhost:8000
21-09-28 15:31:06:316 info : Server ready at http://localhost:8000
21-09-28 15:31:10:3110 info : Server ready at http://localhost:8000
21-09-28 15:31:14:3114 info : Server ready at http://localhost:8000
21-09-28 15:31:18:3118 info : Server ready at http://localhost:8000
21-09-28 15:31:20:3120 info : Server ready at http://localhost:8000
21-09-28 15:31:22:3122 info : Server ready at http://localhost:8000
21-09-28 15:31:26:3126 info : Server ready at http://localhost:8000
21-09-28 15:31:33:3133 info : Server ready at http://localhost:8000
21-09-28 15:31:44:3144 info : Server ready at http://localhost:8000
21-09-28 15:31:46:3146 info : Server ready at http://localhost:8000
21-09-28 15:31:54:3154 info : Server ready at http://localhost:8000
21-09-28 15:31:59:3159 info : Server ready at http://localhost:8000
21-09-28 15:32:14:3214 info : Server ready at http://localhost:8000
21-09-28 15:32:22:3222 info : Server ready at http://localhost:8000
21-09-28 15:32:24:3224 info : Server ready at http://localhost:8000
21-09-28 15:32:28:3228 info : Server ready at http://localhost:8000
21-09-28 15:32:36:3236 info : Server ready at http://localhost:8000
21-09-28 15:35:00:350 info : Server ready at http://localhost:8000
21-09-28 15:35:11:3511 http : GET /users 404 144 - 2.158 ms {}

21-09-28 15:35:12:3512 http : GET /users 404 144 - 0.561 ms {}

21-09-28 15:35:55:3555 info : Server ready at http://localhost:8000
21-09-28 15:39:22:3922 info : Server ready at http://localhost:8000
21-09-28 15:39:26:3926 http : GET /users 200 4912 - 13.708 ms {}

21-09-28 15:39:26:3926 http : GET /favicon.ico 404 150 - 1.680 ms {}

21-09-28 15:40:14:4014 info : Server ready at http://localhost:8000
21-09-28 15:40:18:4018 info : Server ready at http://localhost:8000
21-09-28 15:40:25:4025 info : Server ready at http://localhost:8000
21-09-28 15:40:27:4027 info : Server ready at http://localhost:8000
21-09-28 15:40:34:4034 info : Server ready at http://localhost:8000
21-09-28 15:40:35:4035 info : Server ready at http://localhost:8000
21-09-28 15:41:01:411 info : Server ready at http://localhost:8000
21-09-28 22:51:13:5113 info : Server ready at http://localhost:8000
21-09-28 22:51:22:5122 info : Server ready at http://localhost:8000
21-09-28 22:51:24:5124 info : Server ready at http://localhost:8000
21-09-28 22:51:27:5127 http : GET / 200 31 - 6.558 ms {}

21-09-28 22:52:43:5243 http : GET / 200 31 - 0.582 ms {"firstName":"fromPostman","lastName":"man","age":24}

21-09-28 22:52:48:5248 http : POST / 200 61 - 28.304 ms {"firstName":"fromPostman","lastName":"man","age":24}

21-09-28 22:53:08:538 info : Server ready at http://localhost:8000
21-09-28 23:07:51:751 info : Server ready at http://localhost:8000
21-09-28 23:08:36:836 info : Server ready at http://localhost:8000
21-09-28 23:09:11:911 info : Server ready at http://localhost:8000
21-09-28 23:09:12:912 info : Server ready at http://localhost:8000
21-09-28 23:09:14:914 info : Server ready at http://localhost:8000
21-09-28 23:09:19:919 info : Server ready at http://localhost:8000
21-09-28 23:09:21:921 info : Server ready at http://localhost:8000
21-09-28 23:09:41:941 info : Server ready at http://localhost:8000
21-09-28 23:09:46:946 info : Server ready at http://localhost:8000
21-09-28 23:09:47:947 info : Server ready at http://localhost:8000
21-09-28 23:11:48:1148 info : Server ready at http://localhost:8000
21-09-28 23:12:25:1225 info : Server ready at http://localhost:8000
21-09-28 23:12:37:1237 info : Server ready at http://localhost:8000
21-09-28 23:13:00:130 info : Server ready at http://localhost:8000
21-09-28 23:13:03:133 info : Server ready at http://localhost:8000
21-09-28 23:13:23:1323 info : Server ready at http://localhost:8000
21-09-28 23:13:28:1328 info : Server ready at http://localhost:8000
21-09-28 23:13:30:1330 info : Server ready at http://localhost:8000
21-09-28 23:13:31:1331 info : Server ready at http://localhost:8000
21-09-28 23:13:35:1335 info : Server ready at http://localhost:8000
21-09-28 23:13:38:1338 info : Server ready at http://localhost:8000
21-09-28 23:13:41:1341 info : Server ready at http://localhost:8000
21-09-28 23:13:45:1345 info : Server ready at http://localhost:8000
21-09-28 23:13:47:1347 info : Server ready at http://localhost:8000
21-09-28 23:13:51:1351 info : Server ready at http://localhost:8000
21-09-28 23:14:27:1427 info : Server ready at http://localhost:8000
21-09-28 23:14:31:1431 info : Server ready at http://localhost:8000
21-09-28 23:14:35:1435 info : Server ready at http://localhost:8000
21-09-28 23:14:43:1443 info : Server ready at http://localhost:8000
21-09-29 02:08:20:820 info : 
      -------------------------
      Server ready
      http://localhost:8000
      -------------------------
      
21-09-29 02:08:38:838 info : 
      -------------------------
      Server ready
      http://localhost:8000
      -------------------------
      
21-09-29 02:08:40:840 info : 
      -------------------------
      Server ready
      http://localhost:8000
      -------------------------
      
21-09-29 02:08:43:843 info : 
      -------------------------
      Server ready
      http://localhost:8000
      -------------------------
      
21-09-29 02:08:50:850 info : 
      -------------------------
      Server ready
      http://localhost:8000
      -------------------------
      
21-09-29 02:08:54:854 info : 
      -------------------------
      Server ready
      http://localhost:8000
      -------------------------
      
21-09-29 02:08:57:857 info : 
      -------------------------
      Server ready
      http://localhost:8000
      -------------------------
      
21-09-29 02:09:08:98 info : 
      -------------------------
      Server ready
      http://localhost:8000
      -------------------------
      
21-09-29 02:13:04:134 info : 
      -------------------------
      Server ready
      http://localhost:8000
      -------------------------
      
21-09-29 02:13:36:1336 http : GET / 404 139 - 3.800 ms {}

21-09-29 02:13:48:1348 http : GET /login 404 144 - 0.750 ms {}

21-09-29 02:16:21:1621 http : POST / 404 140 - 0.178 ms {"username":"admin","password":"admin"}

21-09-29 02:16:25:1625 http : GET / 404 139 - 0.200 ms {"username":"admin","password":"admin"}

21-09-29 02:16:47:1647 http : POST /login 404 145 - 0.190 ms {"username":"admin","password":"admin"}

21-09-29 02:17:14:1714 info : 
      -------------------------
      Server ready
      http://localhost:8000
      -------------------------
      
21-09-29 02:17:39:1739 http : POST /login 404 145 - 1.567 ms {"username":"admin","password":"admin"}

21-09-29 02:17:49:1749 http : POST / 404 140 - 0.327 ms {"username":"admin","password":"admin"}

21-09-29 02:17:53:1753 http : GET / 404 139 - 0.185 ms {"username":"admin","password":"admin"}

21-09-29 02:18:01:181 info : 
      -------------------------
      Server ready
      http://localhost:8000
      -------------------------
      
21-09-29 02:18:06:186 info : 
      -------------------------
      Server ready
      http://localhost:8000
      -------------------------
      
21-09-29 02:18:08:188 info : 
      -------------------------
      Server ready
      http://localhost:8000
      -------------------------
      
21-09-29 02:18:16:1816 info : 
      -------------------------
      Server ready
      http://localhost:8000
      -------------------------
      
21-09-29 02:19:28:1928 info : 
      -------------------------
      Server ready
      http://localhost:8000
      -------------------------
      
21-09-29 02:20:31:2031 info : 
      -------------------------
      Server ready
      http://localhost:8000
      -------------------------
      
21-09-29 02:20:34:2034 info : 
      -------------------------
      Server ready
      http://localhost:8000
      -------------------------
      
21-09-29 02:20:51:2051 http : GET /login 404 144 - 1.638 ms {"username":"admin","password":"admin"}

21-09-29 02:21:21:2121 info : 
      -------------------------
      Server ready
      http://localhost:8000
      -------------------------
      
21-09-29 02:21:23:2123 info : 
      -------------------------
      Server ready
      http://localhost:8000
      -------------------------
      
21-09-29 02:21:24:2124 info : 
      -------------------------
      Server ready
      http://localhost:8000
      -------------------------
      
21-09-29 02:21:38:2138 info : 
      -------------------------
      Server ready
      http://localhost:8000
      -------------------------
      
21-09-29 02:21:43:2143 info : 
      -------------------------
      Server ready
      http://localhost:8000
      -------------------------
      
21-09-29 02:22:04:224 info : 
      -------------------------
      Server ready
      http://localhost:8000
      -------------------------
      
21-09-29 02:22:18:2218 info : 
      -------------------------
      Server ready
      http://localhost:8000
      -------------------------
      
21-09-29 02:22:32:2232 info : 
      -------------------------
      Server ready
      http://localhost:8000
      -------------------------
      
21-09-29 02:22:36:2236 info : 
      -------------------------
      Server ready
      http://localhost:8000
      -------------------------
      
21-09-29 02:22:44:2244 info : 
      -------------------------
      Server ready
      http://localhost:8000
      -------------------------
      
21-09-29 02:23:45:2345 info : 
      -------------------------
      Server ready
      http://localhost:8000
      -------------------------
      
21-09-29 02:23:59:2359 info : 
      -------------------------
      Server ready
      http://localhost:8000
      -------------------------
      
21-09-29 02:24:02:242 info : 
      -------------------------
      Server ready
      http://localhost:8000
      -------------------------
      
21-09-29 02:24:04:244 info : 
      -------------------------
      Server ready
      http://localhost:8000
      -------------------------
      
21-09-29 02:36:05:365 info : 
      -------------------------
      Server ready
      http://localhost:8000
      -------------------------
      
21-09-29 02:37:05:375 info : 
      -------------------------
      Server ready
      http://localhost:8000
      -------------------------
      
21-09-29 02:37:11:3711 info : 
      -------------------------
      Server ready
      http://localhost:8000
      -------------------------
      
21-09-29 02:37:23:3723 info : 
      -------------------------
      Server ready
      http://localhost:8000
      -------------------------
      
21-09-29 02:39:03:393 info : 
      -------------------------
      Server ready
      http://localhost:8000
      -------------------------
      
21-09-29 02:40:06:406 info : 
      -------------------------
      Server ready
      http://localhost:8000
      -------------------------
      
21-09-29 02:40:20:4020 http : GET /user 404 143 - 1.232 ms {"username":"one","password":"password","role":"Admin"}

21-09-29 02:42:34:4234 info : 
      -------------------------
      Server ready
      http://localhost:8000
      -------------------------
      
21-09-29 02:42:38:4238 info : 
      -------------------------
      Server ready
      http://localhost:8000
      -------------------------
      
21-09-29 02:42:39:4239 info : 
      -------------------------
      Server ready
      http://localhost:8000
      -------------------------
      
21-09-29 02:42:44:4244 info : 
      -------------------------
      Server ready
      http://localhost:8000
      -------------------------
      
21-09-29 02:42:46:4246 info : 
      -------------------------
      Server ready
      http://localhost:8000
      -------------------------
      
21-09-29 02:43:06:436 info : 
      -------------------------
      Server ready
      http://localhost:8000
      -------------------------
      
21-09-29 02:43:13:4313 info : 
      -------------------------
      Server ready
      http://localhost:8000
      -------------------------
      
21-09-29 02:43:15:4315 info : 
      -------------------------
      Server ready
      http://localhost:8000
      -------------------------
      
21-09-29 02:44:01:441 http : GET /login 404 144 - 0.811 ms {"username":"admin","password":"admin","role":"Admin"}

21-09-29 02:45:36:4536 info : 
      -------------------------
      Server ready
      http://localhost:8000
      -------------------------
      
21-09-29 02:45:39:4539 info : 
      -------------------------
      Server ready
      http://localhost:8000
      -------------------------
      
21-09-29 02:46:43:4643 info : 
      -------------------------
      Server ready
      http://localhost:8000
      -------------------------
      
21-09-29 02:46:47:4647 info : 
      -------------------------
      Server ready
      http://localhost:8000
      -------------------------
      
21-09-29 02:52:00:520 info : 
      -------------------------
      Server ready
      http://localhost:8000
      -------------------------
      
21-09-29 02:52:06:526 info : 
      -------------------------
      Server ready
      http://localhost:8000
      -------------------------
      
21-09-29 02:52:15:5215 info : 
      -------------------------
      Server ready
      http://localhost:8000
      -------------------------
      
21-09-29 02:52:18:5218 info : 
      -------------------------
      Server ready
      http://localhost:8000
      -------------------------
      
21-09-29 02:52:19:5219 info : 
      -------------------------
      Server ready
      http://localhost:8000
      -------------------------
      
21-09-29 02:52:21:5221 info : 
      -------------------------
      Server ready
      http://localhost:8000
      -------------------------
      
21-09-29 02:53:00:530 info : 
      -------------------------
      Server ready
      http://localhost:8000
      -------------------------
      
21-09-29 02:53:07:537 info : 
      -------------------------
      Server ready
      http://localhost:8000
      -------------------------
      
21-09-29 02:53:21:5321 info : 
      -------------------------
      Server ready
      http://localhost:8000
      -------------------------
      
21-09-29 02:53:30:5330 info : 
      -------------------------
      Server ready
      http://localhost:8000
      -------------------------
      
21-09-29 02:58:00:580 info : 
      -------------------------
      Server ready
      http://localhost:8000
      -------------------------
      
21-09-29 02:58:20:5820 info : 
      -------------------------
      Server ready
      http://localhost:8000
      -------------------------
      
21-09-29 02:58:38:5838 info : 
      -------------------------
      Server ready
      http://localhost:8000
      -------------------------
      
21-09-29 02:58:44:5844 info : 
      -------------------------
      Server ready
      http://localhost:8000
      -------------------------
      
21-09-29 02:58:47:5847 info : 
      -------------------------
      Server ready
      http://localhost:8000
      -------------------------
      
21-09-29 02:59:07:597 info : 
      -------------------------
      Server ready
      http://localhost:8000
      -------------------------
      
21-09-29 02:59:33:5933 info : 
      -------------------------
      Server ready
      http://localhost:8000
      -------------------------
      
21-09-29 02:59:34:5934 info : 
      -------------------------
      Server ready
      http://localhost:8000
      -------------------------
      
21-09-29 02:59:37:5937 info : 
      -------------------------
      Server ready
      http://localhost:8000
      -------------------------
      
21-09-29 02:59:41:5941 info : 
      -------------------------
      Server ready
      http://localhost:8000
      -------------------------
      
21-09-29 03:00:33:033 info : 
      -------------------------
      Server ready
      http://localhost:8000
      -------------------------
      
21-09-29 03:02:08:28 info : 
      -------------------------
      Server ready
      http://localhost:8000
      -------------------------
      
21-09-29 03:02:13:213 info : 
      -------------------------
      Server ready
      http://localhost:8000
      -------------------------
      
21-09-29 03:02:14:214 info : 
      -------------------------
      Server ready
      http://localhost:8000
      -------------------------
      
21-09-29 03:02:16:216 info : 
      -------------------------
      Server ready
      http://localhost:8000
      -------------------------
      
21-09-29 03:02:25:225 info : 
      -------------------------
      Server ready
      http://localhost:8000
      -------------------------
      
21-09-29 03:02:37:237 info : 
      -------------------------
      Server ready
      http://localhost:8000
      -------------------------
      
21-09-29 03:02:47:247 info : 
      -------------------------
      Server ready
      http://localhost:8000
      -------------------------
      
21-09-29 03:02:53:253 info : 
      -------------------------
      Server ready
      http://localhost:8000
      -------------------------
      
21-09-29 03:02:56:256 info : 
      -------------------------
      Server ready
      http://localhost:8000
      -------------------------
      
21-09-29 03:03:08:38 info : 
      -------------------------
      Server ready
      http://localhost:8000
      -------------------------
      
21-09-29 03:03:32:332 info : 
      -------------------------
      Server ready
      http://localhost:8000
      -------------------------
      
21-09-29 03:03:42:342 info : 
      -------------------------
      Server ready
      http://localhost:8000
      -------------------------
      
21-09-29 03:04:01:41 info : 
      -------------------------
      Server ready
      http://localhost:8000
      -------------------------
      
21-09-29 03:08:15:815 info : 
      -------------------------
      Server ready
      http://localhost:8000
      -------------------------
      
21-09-29 03:08:28:828 info : 
      -------------------------
      Server ready
      http://localhost:8000
      -------------------------
      
21-09-29 03:08:46:846 info : 
      -------------------------
      Server ready
      http://localhost:8000
      -------------------------
      
21-09-29 03:08:52:852 info : 
      -------------------------
      Server ready
      http://localhost:8000
      -------------------------
      
21-09-29 03:09:14:914 info : 
      -------------------------
      Server ready
      http://localhost:8000
      -------------------------
      
21-09-29 03:09:15:915 info : 
      -------------------------
      Server ready
      http://localhost:8000
      -------------------------
      
21-09-29 03:09:47:947 info : 
      -------------------------
      Server ready
      http://localhost:8000
      -------------------------
      
21-09-29 03:10:09:109 info : 
      -------------------------
      Server ready
      http://localhost:8000
      -------------------------
      
21-09-29 03:10:14:1014 info : 
      -------------------------
      Server ready
      http://localhost:8000
      -------------------------
      
21-09-29 03:10:19:1019 info : 
      -------------------------
      Server ready
      http://localhost:8000
      -------------------------
      
21-09-29 03:10:25:1025 info : 
      -------------------------
      Server ready
      http://localhost:8000
      -------------------------
      
21-09-29 03:10:27:1027 info : 
      -------------------------
      Server ready
      http://localhost:8000
      -------------------------
      
21-09-29 03:10:29:1029 info : 
      -------------------------
      Server ready
      http://localhost:8000
      -------------------------
      
21-09-29 03:11:37:1137 info : 
      -------------------------
      Server ready
      http://localhost:8000
      -------------------------
      
21-09-29 03:12:00:120 info : 
      -------------------------
      Server ready
      http://localhost:8000
      -------------------------
      
21-09-29 03:12:05:125 info : 
      -------------------------
      Server ready
      http://localhost:8000
      -------------------------
      
21-09-29 03:12:07:127 info : 
      -------------------------
      Server ready
      http://localhost:8000
      -------------------------
      
21-09-29 03:12:20:1220 info : 
      -------------------------
      Server ready
      http://localhost:8000
      -------------------------
      
21-09-29 03:12:35:1235 info : 
      -------------------------
      Server ready
      http://localhost:8000
      -------------------------
      
21-09-29 03:12:41:1241 info : 
      -------------------------
      Server ready
      http://localhost:8000
      -------------------------
      
21-09-29 03:12:50:1250 info : 
      -------------------------
      Server ready
      http://localhost:8000
      -------------------------
      
21-09-29 03:13:43:1343 info : 
      -------------------------
      Server ready
      http://localhost:8000
      -------------------------
      
21-09-29 03:13:45:1345 info : 
      -------------------------
      Server ready
      http://localhost:8000
      -------------------------
      
21-09-29 03:13:46:1346 info : 
      -------------------------
      Server ready
      http://localhost:8000
      -------------------------
      
21-09-29 03:13:54:1354 info : 
      -------------------------
      Server ready
      http://localhost:8000
      -------------------------
      
21-09-29 03:14:03:143 info : 
      -------------------------
      Server ready
      http://localhost:8000
      -------------------------
      
21-09-29 03:16:38:1638 info : 
      -------------------------
      Server ready
      http://localhost:8000
      -------------------------
      
21-09-29 03:16:47:1647 info : 
      -------------------------
      Server ready
      http://localhost:8000
      -------------------------
      
21-09-29 03:18:38:1838 info : 
      -------------------------
      Server ready
      http://localhost:8000
      -------------------------
      
21-09-29 03:18:43:1843 info : 
      -------------------------
      Server ready
      http://localhost:8000
      -------------------------
      
21-09-29 03:19:14:1914 info : 
      -------------------------
      Server ready
      http://localhost:8000
      -------------------------
      
21-09-29 03:19:20:1920 http : GET /login 404 144 - 2.736 ms {}

21-09-29 03:19:21:1921 http : GET /login 404 144 - 0.573 ms {}

21-09-29 03:20:03:203 info : 
      -------------------------
      Server ready
      http://localhost:8000
      -------------------------
      
21-09-29 03:21:25:2125 info : 
      -------------------------
      Server ready
      http://localhost:8000
      -------------------------
      
21-09-29 03:21:27:2127 info : 
      -------------------------
      Server ready
      http://localhost:8000
      -------------------------
      
21-09-29 03:21:31:2131 info : 
      -------------------------
      Server ready
      http://localhost:8000
      -------------------------
      
21-09-29 03:21:44:2144 info : 
      -------------------------
      Server ready
      http://localhost:8000
      -------------------------
      
21-09-29 03:21:46:2146 info : 
      -------------------------
      Server ready
      http://localhost:8000
      -------------------------
      
21-09-29 03:22:42:2242 info : 
      -------------------------
      Server ready
      http://localhost:8000
      -------------------------
      
21-09-29 03:22:45:2245 info : 
      -------------------------
      Server ready
      http://localhost:8000
      -------------------------
      
21-09-29 03:22:51:2251 info : 
      -------------------------
      Server ready
      http://localhost:8000
      -------------------------
      
21-09-29 03:23:24:2324 info : 
      -------------------------
      Server ready
      http://localhost:8000
      -------------------------
      
21-09-29 03:24:14:2414 info : 
      -------------------------
      Server ready
      http://localhost:8000
      -------------------------
      
21-09-29 03:24:17:2417 info : 
      -------------------------
      Server ready
      http://localhost:8000
      -------------------------
      
21-09-29 03:24:37:2437 info : 
      -------------------------
      Server ready
      http://localhost:8000
      -------------------------
      
21-09-29 03:24:39:2439 info : 
      -------------------------
      Server ready
      http://localhost:8000
      -------------------------
      
21-09-29 03:24:43:2443 info : 
      -------------------------
      Server ready
      http://localhost:8000
      -------------------------
      
21-09-29 03:24:56:2456 info : 
      -------------------------
      Server ready
      http://localhost:8000
      -------------------------
      
21-09-29 03:25:20:2520 info : 
      -------------------------
      Server ready
      http://localhost:8000
      -------------------------
      
21-09-29 03:25:40:2540 info : 
      -------------------------
      Server ready
      http://localhost:8000
      -------------------------
      
21-09-29 03:25:49:2549 info : 
      -------------------------
      Server ready
      http://localhost:8000
      -------------------------
      
21-09-29 03:25:56:2556 info : 
      -------------------------
      Server ready
      http://localhost:8000
      -------------------------
      
21-09-29 03:26:34:2634 info : 
      -------------------------
      Server ready
      http://localhost:8000
      -------------------------
      
21-09-29 03:26:36:2636 info : 
      -------------------------
      Server ready
      http://localhost:8000
      -------------------------
      
21-09-29 03:26:38:2638 info : 
      -------------------------
      Server ready
      http://localhost:8000
      -------------------------
      
21-09-29 03:26:43:2643 info : 
      -------------------------
      Server ready
      http://localhost:8000
      -------------------------
      
21-09-29 03:26:58:2658 info : 
      -------------------------
      Server ready
      http://localhost:8000
      -------------------------
      
21-09-29 03:27:07:277 info : 
      -------------------------
      Server ready
      http://localhost:8000
      -------------------------
      
21-09-29 03:27:28:2728 info : 
      -------------------------
      Server ready
      http://localhost:8000
      -------------------------
      
21-09-29 03:27:38:2738 info : 
      -------------------------
      Server ready
      http://localhost:8000
      -------------------------
      
21-09-29 03:28:28:2828 info : 
      -------------------------
      Server ready
      http://localhost:8000
      -------------------------
      
21-09-29 03:28:52:2852 info : 
      -------------------------
      Server ready
      http://localhost:8000
      -------------------------
      
21-09-29 03:28:59:2859 info : 
      -------------------------
      Server ready
      http://localhost:8000
      -------------------------
      
21-09-29 03:29:06:296 info : 
      -------------------------
      Server ready
      http://localhost:8000
      -------------------------
      
21-09-29 03:29:08:298 info : 
      -------------------------
      Server ready
      http://localhost:8000
      -------------------------
      
21-09-29 03:29:41:2941 info : 
      -------------------------
      Server ready
      http://localhost:8000
      -------------------------
      
21-09-29 03:31:04:314 info : 
      -------------------------
      Server ready
      http://localhost:8000
      -------------------------
      
21-09-29 03:31:14:3114 info : 
      -------------------------
      Server ready
      http://localhost:8000
      -------------------------
      
21-09-29 03:31:16:3116 info : 
      -------------------------
      Server ready
      http://localhost:8000
      -------------------------
      
21-09-29 03:31:26:3126 info : 
      -------------------------
      Server ready
      http://localhost:8000
      -------------------------
      
21-09-29 03:32:06:326 info : 
      -------------------------
      Server ready
      http://localhost:8000
      -------------------------
      
21-09-29 03:32:12:3212 info : 
      -------------------------
      Server ready
      http://localhost:8000
      -------------------------
      
21-09-29 03:32:26:3226 info : 
      -------------------------
      Server ready
      http://localhost:8000
      -------------------------
      
21-09-29 03:33:30:3330 info : 
      -------------------------
      Server ready
      http://localhost:8000
      -------------------------
      
21-09-29 03:33:53:3353 info : 
      -------------------------
      Server ready
      http://localhost:8000
      -------------------------
      
21-09-29 03:36:09:369 info : 
      -------------------------
      Server ready
      http://localhost:8000
      -------------------------
      
21-09-29 03:36:11:3611 info : 
      -------------------------
      Server ready
      http://localhost:8000
      -------------------------
      
21-09-29 03:36:37:3637 info : 
      -------------------------
      Server ready
      http://localhost:8000
      -------------------------
      
21-09-29 03:37:10:3710 info : 
      -------------------------
      Server ready
      http://localhost:8000
      -------------------------
      
21-09-29 03:37:46:3746 info : 
      -------------------------
      Server ready
      http://localhost:8000
      -------------------------
      
21-09-29 03:37:52:3752 info : 
      -------------------------
      Server ready
      http://localhost:8000
      -------------------------
      
21-09-29 03:37:54:3754 info : 
      -------------------------
      Server ready
      http://localhost:8000
      -------------------------
      
21-09-29 03:37:56:3756 info : 
      -------------------------
      Server ready
      http://localhost:8000
      -------------------------
      
21-09-29 03:40:44:4044 info : 
      -------------------------
      Server ready
      http://localhost:8000
      -------------------------
      
21-09-29 03:48:32:4832 info : 
      -------------------------
      Server ready
      http://localhost:8000
      -------------------------
      
21-09-29 03:48:39:4839 info : 
      -------------------------
      Server ready
      http://localhost:8000
      -------------------------
      
21-09-29 03:49:49:4949 info : 
      -------------------------
      Server ready
      http://localhost:8000
      -------------------------
      
21-09-29 03:49:52:4952 info : 
      -------------------------
      Server ready
      http://localhost:8000
      -------------------------
      
21-09-29 03:50:01:501 info : 
      -------------------------
      Server ready
      http://localhost:8000
      -------------------------
      
21-09-29 03:50:19:5019 info : 
      -------------------------
      Server ready
      http://localhost:8000
      -------------------------
      
21-09-29 03:50:23:5023 info : 
      -------------------------
      Server ready
      http://localhost:8000
      -------------------------
      
21-09-29 03:50:38:5038 info : 
      -------------------------
      Server ready
      http://localhost:8000
      -------------------------
      
21-09-29 03:51:11:5111 info : 
      -------------------------
      Server ready
      http://localhost:8000
      -------------------------
      
21-09-29 03:51:27:5127 info : 
      -------------------------
      Server ready
      http://localhost:8000
      -------------------------
      
21-09-29 03:51:36:5136 info : 
      -------------------------
      Server ready
      http://localhost:8000
      -------------------------
      
21-09-29 03:51:41:5141 info : 
      -------------------------
      Server ready
      http://localhost:8000
      -------------------------
      
21-09-29 03:51:49:5149 info : 
      -------------------------
      Server ready
      http://localhost:8000
      -------------------------
      
21-09-29 03:51:57:5157 info : 
      -------------------------
      Server ready
      http://localhost:8000
      -------------------------
      
21-09-29 03:52:23:5223 info : 
      -------------------------
      Server ready
      http://localhost:8000
      -------------------------
      
21-09-29 03:53:24:5324 info : 
      -------------------------
      Server ready
      http://localhost:8000
      -------------------------
      
21-09-29 03:53:46:5346 info : 
      -------------------------
      Server ready
      http://localhost:8000
      -------------------------
      
21-09-29 03:54:10:5410 info : 
      -------------------------
      Server ready
      http://localhost:8000
      -------------------------
      
21-09-29 03:54:13:5413 info : 
      -------------------------
      Server ready
      http://localhost:8000
      -------------------------
      
21-09-29 03:54:15:5415 http : GET /users/2 404 146 - 2.769 ms {}

21-09-29 03:54:18:5418 http : GET /users/2 404 146 - 0.574 ms {}

21-09-29 03:54:26:5426 info : 
      -------------------------
      Server ready
      http://localhost:8000
      -------------------------
      
21-09-29 03:54:31:5431 http : GET /users/2 404 146 - 2.052 ms {}

21-09-29 03:54:35:5435 http : GET /users/2 404 146 - 0.848 ms {}

21-09-29 03:54:45:5445 http : GET /users/2 404 146 - 0.639 ms {}

21-09-29 03:54:50:5450 http : GET /users 404 144 - 0.658 ms {}

21-09-29 03:54:56:5456 http : GET /users 404 144 - 0.398 ms {}

21-09-29 03:55:05:555 http : POST /login 404 145 - 0.219 ms {"username":"admin","password":"admin","role":"Admin"}

21-09-29 03:55:22:5522 info : 
      -------------------------
      Server ready
      http://localhost:8000
      -------------------------
      
21-09-29 03:55:23:5523 http : POST /login 200 180 - 59.221 ms {"username":"admin","password":"admin","role":"Admin"}

21-09-29 03:55:26:5526 http : GET /u 404 140 - 1.639 ms {}

21-09-29 03:55:29:5529 http : GET /user 404 143 - 0.694 ms {}

21-09-29 03:55:32:5532 http : GET /users 200 389 - 3.837 ms {}

21-09-29 03:55:48:5548 info : 
      -------------------------
      Server ready
      http://localhost:8000
      -------------------------
      
21-09-29 03:55:51:5551 info : 
      -------------------------
      Server ready
      http://localhost:8000
      -------------------------
      
21-09-29 03:55:52:5552 http : GET /users 200 389 - 13.746 ms {}

21-09-29 03:55:53:5553 http : GET /users 200 389 - 3.240 ms {}

21-09-29 03:55:58:5558 http : GET /users/2 200 40 - 3.757 ms {}

21-09-29 03:56:15:5615 info : 
      -------------------------
      Server ready
      http://localhost:8000
      -------------------------
      
21-09-29 03:56:37:5637 info : 
-------------------------
Server ready
http://localhost:8000
-------------------------
      
21-09-29 03:56:44:5644 info : 
-------------------------
  Server ready
http://localhost:8000
-------------------------
      
21-09-29 03:56:46:5646 info : 
-------------------------
  Server ready
  http://localhost:8000
-------------------------
      
21-09-29 03:56:50:5650 info : 
---------------------------
  Server ready
  http://localhost:8000
---------------------------
      
21-09-29 03:56:51:5651 http : GET /users/2 200 40 - 17.560 ms {}

21-10-06 01:55:15:5515 info : 
---------------------------
  Server ready
  http://localhost:8000
---------------------------
      
21-10-06 01:55:22:5522 info : 
---------------------------
  Server ready
  http://localhost:8000
---------------------------
      
21-10-06 01:55:28:5528 info : 
---------------------------
  Server ready
  http://localhost:8000
---------------------------
      
21-10-06 01:55:41:5541 info : 
---------------------------
  Server ready
  http://localhost:8000
---------------------------
      
21-10-06 01:55:42:5542 info : 
---------------------------
  Server ready
  http://localhost:8000
---------------------------
      
21-10-06 01:55:46:5546 info : 
---------------------------
  Server ready
  http://localhost:8000
---------------------------
      
21-10-06 01:55:50:5550 info : 
---------------------------
  Server ready
  http://localhost:8000
---------------------------
      
21-10-06 01:55:54:5554 info : 
---------------------------
  Server ready
  http://localhost:8000
---------------------------
      
21-10-06 01:55:58:5558 info : 
---------------------------
  Server ready
  http://localhost:8000
---------------------------
      
21-10-06 01:56:01:561 info : 
---------------------------
  Server ready
  http://localhost:8000
---------------------------
      
21-10-06 01:56:03:563 info : 
---------------------------
  Server ready
  http://localhost:8000
---------------------------
      
21-10-06 01:56:26:5626 info : 
---------------------------
  Server ready
  http://localhost:8000
---------------------------
      
21-10-06 01:56:30:5630 info : 
---------------------------
  Server ready
  http://localhost:8000
---------------------------
      
21-10-06 01:56:36:5636 info : 
---------------------------
  Server ready
  http://localhost:8000
---------------------------
      
21-10-06 01:56:39:5639 info : 
---------------------------
  Server ready
  http://localhost:8000
---------------------------
      
21-10-06 01:56:43:5643 info : 
---------------------------
  Server ready
  http://localhost:8000
---------------------------
      
21-10-06 01:56:48:5648 info : 
---------------------------
  Server ready
  http://localhost:8000
---------------------------
      
21-10-06 01:56:50:5650 info : 
---------------------------
  Server ready
  http://localhost:8000
---------------------------
      
21-10-06 01:57:01:571 info : 
---------------------------
  Server ready
  http://localhost:8000
---------------------------
      
21-10-06 01:57:10:5710 info : 
---------------------------
  Server ready
  http://localhost:8000
---------------------------
      
21-10-06 01:57:15:5715 info : 
---------------------------
  Server ready
  http://localhost:8000
---------------------------
      
21-10-06 01:57:20:5720 info : 
---------------------------
  Server ready
  http://localhost:8000
---------------------------
      
21-10-06 01:57:27:5727 info : 
---------------------------
  Server ready
  http://localhost:8000
---------------------------
      
21-10-06 01:57:30:5730 info : 
---------------------------
  Server ready
  http://localhost:8000
---------------------------
      
21-10-06 01:57:34:5734 info : 
---------------------------
  Server ready
  http://localhost:8000
---------------------------
      
21-10-06 01:57:45:5745 info : 
---------------------------
  Server ready
  http://localhost:8000
---------------------------
      
21-10-06 01:57:49:5749 info : 
---------------------------
  Server ready
  http://localhost:8000
---------------------------
      
21-10-06 01:57:51:5751 info : 
---------------------------
  Server ready
  http://localhost:8000
---------------------------
      
21-10-06 01:57:59:5759 info : 
---------------------------
  Server ready
  http://localhost:8000
---------------------------
      
21-10-06 01:58:03:583 info : 
---------------------------
  Server ready
  http://localhost:8000
---------------------------
      
21-10-06 01:58:08:588 info : 
---------------------------
  Server ready
  http://localhost:8000
---------------------------
      
21-10-06 01:58:17:5817 info : 
---------------------------
  Server ready
  http://localhost:8000
---------------------------
      
21-10-06 01:58:22:5822 info : 
---------------------------
  Server ready
  http://localhost:8000
---------------------------
      
21-10-06 01:58:37:5837 info : 
---------------------------
  Server ready
  http://localhost:8000
---------------------------
      
21-10-06 01:58:39:5839 info : 
---------------------------
  Server ready
  http://localhost:8000
---------------------------
      
21-10-06 01:58:40:5840 info : 
---------------------------
  Server ready
  http://localhost:8000
---------------------------
      
21-10-06 01:58:43:5843 info : 
---------------------------
  Server ready
  http://localhost:8000
---------------------------
      
21-10-06 01:58:57:5857 info : 
---------------------------
  Server ready
  http://localhost:8000
---------------------------
      
21-10-06 01:59:07:597 info : 
---------------------------
  Server ready
  http://localhost:8000
---------------------------
      
21-10-06 01:59:10:5910 info : 
---------------------------
  Server ready
  http://localhost:8000
---------------------------
      
21-10-06 01:59:16:5916 info : 
---------------------------
  Server ready
  http://localhost:8000
---------------------------
      
21-10-06 01:59:18:5918 info : 
---------------------------
  Server ready
  http://localhost:8000
---------------------------
      
21-10-06 01:59:24:5924 info : 
---------------------------
  Server ready
  http://localhost:8000
---------------------------
      
21-10-06 01:59:25:5925 info : 
---------------------------
  Server ready
  http://localhost:8000
---------------------------
      
21-10-06 01:59:26:5926 info : 
---------------------------
  Server ready
  http://localhost:8000
---------------------------
      
21-10-06 01:59:31:5931 info : 
---------------------------
  Server ready
  http://localhost:8000
---------------------------
      
21-10-06 01:59:40:5940 info : 
---------------------------
  Server ready
  http://localhost:8000
---------------------------
      
21-10-06 01:59:42:5942 info : 
---------------------------
  Server ready
  http://localhost:8000
---------------------------
      
21-10-06 01:59:44:5944 info : 
---------------------------
  Server ready
  http://localhost:8000
---------------------------
      
21-10-06 01:59:54:5954 info : 
---------------------------
  Server ready
  http://localhost:8000
---------------------------
      
21-10-06 02:00:04:04 info : 
---------------------------
  Server ready
  http://localhost:8000
---------------------------
      
21-10-06 02:00:05:05 info : 
---------------------------
  Server ready
  http://localhost:8000
---------------------------
      
21-10-06 02:00:08:08 info : 
---------------------------
  Server ready
  http://localhost:8000
---------------------------
      
21-10-06 02:00:12:012 info : 
---------------------------
  Server ready
  http://localhost:8000
---------------------------
      
21-10-06 02:00:22:022 info : 
---------------------------
  Server ready
  http://localhost:8000
---------------------------
      
21-10-06 02:02:22:222 info : 
---------------------------
  Server ready
  http://localhost:8000
---------------------------
      
21-10-06 02:03:48:348 info : 
---------------------------
  Server ready
  http://localhost:8000
---------------------------
      
21-10-06 02:03:50:350 info : 
---------------------------
  Server ready
  http://localhost:8000
---------------------------
      
21-10-06 02:03:54:354 info : 
---------------------------
  Server ready
  http://localhost:8000
---------------------------
      
21-10-06 02:03:56:356 info : 
---------------------------
  Server ready
  http://localhost:8000
---------------------------
      
21-10-06 02:04:01:41 info : 
---------------------------
  Server ready
  http://localhost:8000
---------------------------
      
21-10-06 02:06:09:69 info : 
---------------------------
  Server ready
  http://localhost:8000
---------------------------
      
21-10-06 02:06:15:615 info : 
---------------------------
  Server ready
  http://localhost:8000
---------------------------
      
21-10-06 02:06:18:618 info : 
---------------------------
  Server ready
  http://localhost:8000
---------------------------
      
21-10-06 02:07:11:711 info : 
---------------------------
  Server ready
  http://localhost:8000
---------------------------
      
21-10-06 02:07:14:714 info : 
---------------------------
  Server ready
  http://localhost:8000
---------------------------
      
21-10-06 02:07:17:717 info : 
---------------------------
  Server ready
  http://localhost:8000
---------------------------
      
21-10-06 02:07:19:719 info : 
---------------------------
  Server ready
  http://localhost:8000
---------------------------
      
21-10-06 02:07:23:723 info : 
---------------------------
  Server ready
  http://localhost:8000
---------------------------
      
21-10-06 02:07:27:727 info : 
---------------------------
  Server ready
  http://localhost:8000
---------------------------
      
21-10-06 02:07:39:739 info : 
---------------------------
  Server ready
  http://localhost:8000
---------------------------
      
21-10-06 02:09:08:98 info : 
---------------------------
  Server ready
  http://localhost:8000
---------------------------
      
